<?xml version="1.0" encoding="UTF-8"?>
<testng-results ignored="0" total="1" passed="1" failed="0" skipped="0">
  <reporter-output>
  </reporter-output>
  <suite started-at="2023-09-30T16:24:44 IST" name="Default suite" finished-at="2023-09-30T16:24:49 IST" duration-ms="4722">
    <groups>
    </groups>
    <test started-at="2023-09-30T16:24:44 IST" name="Default test" finished-at="2023-09-30T16:24:49 IST" duration-ms="4722">
      <class name="restAssured.DynamicJson">
        <test-method signature="addBook()[pri:0, instance:restAssured.DynamicJson@1ca3b418]" started-at="2023-09-30T16:24:44 IST" name="addBook" finished-at="2023-09-30T16:24:49 IST" duration-ms="4626" status="PASS">
          <reporter-output>
          </reporter-output>
        </test-method> <!-- addBook -->
      </class> <!-- restAssured.DynamicJson -->
    </test> <!-- Default test -->
  </suite> <!-- Default suite -->
</testng-results>
